2013-11-20 20:13:17,449 [main] INFO  org.eclipse.jetty.server.Server - jetty-8.1.10.v20130312
2013-11-20 20:13:17,551 [main] INFO  o.e.jetty.server.AbstractConnector - Started SelectChannelConnector@0.0.0.0:50180
2013-11-20 21:07:36,043 [qtp17227427-128] WARN  o.e.jetty.servlet.ServletHandler - /wse/actions/uddi/uddi_perspective_content.jsp
java.lang.NullPointerException: null
	at java.net.URLEncoder.encode(Unknown Source) ~[na:1.7.0_45]
	at java.net.URLEncoder.encode(Unknown Source) ~[na:1.7.0_45]
	at org.apache.jasper.servlet.JspServlet.serviceJspFile(JspServlet.java:474) ~[na:na]
	at org.apache.jasper.servlet.JspServlet.service(JspServlet.java:378) ~[na:na]
	at javax.servlet.http.HttpServlet.service(HttpServlet.java:848) ~[javax.servlet_3.0.0.v201112011016.jar:na]
	at org.eclipse.equinox.jsp.jasper.JspServlet.service(JspServlet.java:155) ~[na:na]
	at javax.servlet.http.HttpServlet.service(HttpServlet.java:848) ~[javax.servlet_3.0.0.v201112011016.jar:na]
	at org.eclipse.equinox.http.registry.internal.ServletManager$ServletWrapper.service(ServletManager.java:180) ~[na:na]
	at org.eclipse.equinox.http.servlet.internal.ServletRegistration.service(ServletRegistration.java:61) ~[na:na]
	at org.eclipse.equinox.http.servlet.internal.ProxyServlet.processAlias(ProxyServlet.java:128) ~[na:na]
	at org.eclipse.equinox.http.servlet.internal.ProxyServlet.service(ProxyServlet.java:76) ~[na:na]
	at javax.servlet.http.HttpServlet.service(HttpServlet.java:848) ~[javax.servlet_3.0.0.v201112011016.jar:na]
	at org.eclipse.equinox.http.jetty.internal.HttpServerManager$InternalHttpServiceServlet.service(HttpServerManager.java:386) ~[org.eclipse.equinox.http.jetty_3.0.100.v20130327-1442.jar:na]
	at org.eclipse.jetty.servlet.ServletHolder.handle(ServletHolder.java:669) ~[org.eclipse.jetty.servlet_8.1.10.v20130312.jar:8.1.10.v20130312]
	at org.eclipse.jetty.servlet.ServletHandler.doHandle(ServletHandler.java:457) [org.eclipse.jetty.servlet_8.1.10.v20130312.jar:8.1.10.v20130312]
	at org.eclipse.jetty.server.session.SessionHandler.doHandle(SessionHandler.java:229) [org.eclipse.jetty.server_8.1.10.v20130312.jar:8.1.10.v20130312]
	at org.eclipse.jetty.server.handler.ContextHandler.doHandle(ContextHandler.java:1075) [org.eclipse.jetty.server_8.1.10.v20130312.jar:8.1.10.v20130312]
	at org.eclipse.jetty.servlet.ServletHandler.doScope(ServletHandler.java:384) [org.eclipse.jetty.servlet_8.1.10.v20130312.jar:8.1.10.v20130312]
	at org.eclipse.jetty.server.session.SessionHandler.doScope(SessionHandler.java:193) [org.eclipse.jetty.server_8.1.10.v20130312.jar:8.1.10.v20130312]
	at org.eclipse.jetty.server.handler.ContextHandler.doScope(ContextHandler.java:1009) [org.eclipse.jetty.server_8.1.10.v20130312.jar:8.1.10.v20130312]
	at org.eclipse.jetty.server.handler.ScopedHandler.handle(ScopedHandler.java:135) [org.eclipse.jetty.server_8.1.10.v20130312.jar:8.1.10.v20130312]
	at org.eclipse.jetty.server.handler.HandlerWrapper.handle(HandlerWrapper.java:116) [org.eclipse.jetty.server_8.1.10.v20130312.jar:8.1.10.v20130312]
	at org.eclipse.jetty.server.Server.handle(Server.java:368) [org.eclipse.jetty.server_8.1.10.v20130312.jar:8.1.10.v20130312]
	at org.eclipse.jetty.server.AbstractHttpConnection.handleRequest(AbstractHttpConnection.java:489) [org.eclipse.jetty.server_8.1.10.v20130312.jar:8.1.10.v20130312]
	at org.eclipse.jetty.server.AbstractHttpConnection.headerComplete(AbstractHttpConnection.java:942) [org.eclipse.jetty.server_8.1.10.v20130312.jar:8.1.10.v20130312]
	at org.eclipse.jetty.server.AbstractHttpConnection$RequestHandler.headerComplete(AbstractHttpConnection.java:1004) [org.eclipse.jetty.server_8.1.10.v20130312.jar:8.1.10.v20130312]
	at org.eclipse.jetty.http.HttpParser.parseNext(HttpParser.java:640) [org.eclipse.jetty.http_8.1.10.v20130312.jar:8.1.10.v20130312]
	at org.eclipse.jetty.http.HttpParser.parseAvailable(HttpParser.java:235) [org.eclipse.jetty.http_8.1.10.v20130312.jar:8.1.10.v20130312]
	at org.eclipse.jetty.server.AsyncHttpConnection.handle(AsyncHttpConnection.java:82) [org.eclipse.jetty.server_8.1.10.v20130312.jar:8.1.10.v20130312]
	at org.eclipse.jetty.io.nio.SelectChannelEndPoint.handle(SelectChannelEndPoint.java:628) [org.eclipse.jetty.io_8.1.10.v20130312.jar:8.1.10.v20130312]
	at org.eclipse.jetty.io.nio.SelectChannelEndPoint$1.run(SelectChannelEndPoint.java:52) [org.eclipse.jetty.io_8.1.10.v20130312.jar:8.1.10.v20130312]
	at org.eclipse.jetty.util.thread.QueuedThreadPool.runJob(QueuedThreadPool.java:608) [org.eclipse.jetty.util_8.1.10.v20130312.jar:8.1.10.v20130312]
	at org.eclipse.jetty.util.thread.QueuedThreadPool$3.run(QueuedThreadPool.java:543) [org.eclipse.jetty.util_8.1.10.v20130312.jar:8.1.10.v20130312]
	at java.lang.Thread.run(Unknown Source) [na:1.7.0_45]
2013-11-20 23:50:07,818 [main] INFO  o.e.j.server.handler.ContextHandler - stopped o.e.j.s.ServletContextHandler{/wse,null}
2013-11-21 03:25:36,679 [main] INFO  org.eclipse.jetty.server.Server - jetty-8.1.10.v20130312
2013-11-21 03:25:36,776 [main] INFO  o.e.jetty.server.AbstractConnector - Started SelectChannelConnector@0.0.0.0:50268
